<?xml version="1.0" encoding="UTF-8"?>
<testsuite name="cmd.CommandPromptTest" tests="1" skipped="0" failures="0" errors="0" timestamp="2021-12-22T08:51:20" hostname="DESKTOP-O9535UC" time="36.004">
  <properties/>
  <testcase name="CommandPrompt_gitBlame_success()" classname="cmd.CommandPromptTest" time="36.004"/>
  <system-out><![CDATA[]]></system-out>
  <system-err><![CDATA[]]></system-err>
</testsuite>
