<?xml version="1.0" encoding="UTF-8"?>
<testsuite name="MainTest" tests="1" skipped="0" failures="0" errors="0" timestamp="2021-12-19T02:51:14" hostname="DESKTOP-O9535UC" time="0.012">
  <properties/>
  <testcase name="printSomething()" classname="MainTest" time="0.012"/>
  <system-out><![CDATA[]]></system-out>
  <system-err><![CDATA[]]></system-err>
</testsuite>
